<?xml version="1.0" encoding="UTF-8"?>
<!-- Generated by org.testng.reporters.JUnitReportReporter -->
<testsuite hostname="LAPTOP-NBCD1KMT" failures="0" tests="1" name="SeleniumModule3.Assignment1" time="7.231" errors="0" timestamp="2023-09-15T17:39:19 IST" skipped="0">
  <testcase classname="SeleniumModule3.Assignment1" name="functionality" time="7.231"/>
</testsuite> <!-- SeleniumModule3.Assignment1 -->
