<?xml version="1.0" encoding="UTF-8"?>
<!-- Generated by org.testng.reporters.JUnitReportReporter -->
<testsuite hostname="LAPTOP-NBCD1KMT" failures="0" tests="1" name="SeleniumModule3.Assignment2" time="9.544" errors="0" timestamp="2023-09-15T17:39:48 IST" skipped="0">
  <testcase classname="SeleniumModule3.Assignment2" name="login" time="9.544"/>
</testsuite> <!-- SeleniumModule3.Assignment2 -->
